<?xml version="1.0" encoding="UTF-8"?>
<!-- Generated by org.testng.reporters.JUnitReportReporter -->
<testsuite hostname="DESKTOP-FPEVRQ9" failures="0" tests="3" name="runner.TestRunner" time="57.781" errors="0" timestamp="2026-03-06T17:21:32 IST" skipped="0">
  <testcase classname="runner.TestRunner" name="runScenario" time="11.582"/>
  <testcase classname="runner.TestRunner" name="runScenario" time="21.332"/>
  <testcase classname="runner.TestRunner" name="runScenario" time="24.867"/>
</testsuite> <!-- runner.TestRunner -->
